  Beziercurveevaluator.cpp
  Bsplinecurveevaluator.cpp
  C2Interpolatingcurveevaluator.cpp
  CatmullRomcurveevaluator.cpp
  CUBE_GRID.cpp
  curve.cpp
  curveevaluator.cpp
  linearcurveevaluator.cpp
  camera.cpp
  metaball.cpp
  modelerapp.cpp
modelerapp.cpp(41): warning C4996: 'strncpy': This function or variable may be unsafe. Consider using strncpy_s instead. To disable deprecation, use _CRT_SECURE_NO_WARNINGS. See online help for details.
  C:\Program Files (x86)\Windows Kits\10\Include\10.0.10240.0\ucrt\string.h(346): note: 参见“strncpy”的声明
  modelerdraw.cpp
modelerdraw.cpp(155): warning C4996: 'fopen': This function or variable may be unsafe. Consider using fopen_s instead. To disable deprecation, use _CRT_SECURE_NO_WARNINGS. See online help for details.
  C:\Program Files (x86)\Windows Kits\10\Include\10.0.10240.0\ucrt\stdio.h(205): note: 参见“fopen”的声明
modelerdraw.cpp(459): warning C4244: “初始化”: 从“double”转换到“float”，可能丢失数据
modelerdraw.cpp(460): warning C4244: “初始化”: 从“double”转换到“float”，可能丢失数据
modelerdraw.cpp(469): warning C4244: “初始化”: 从“double”转换到“float”，可能丢失数据
modelerdraw.cpp(470): warning C4244: “初始化”: 从“double”转换到“float”，可能丢失数据
  modelerui.cpp
modelerui.cpp(57): warning C4996: '_splitpath': This function or variable may be unsafe. Consider using _splitpath_s instead. To disable deprecation, use _CRT_SECURE_NO_WARNINGS. See online help for details.
  C:\Program Files (x86)\Windows Kits\10\Include\10.0.10240.0\ucrt\stdlib.h(1096): note: 参见“_splitpath”的声明
modelerui.cpp(86): warning C4996: '_splitpath': This function or variable may be unsafe. Consider using _splitpath_s instead. To disable deprecation, use _CRT_SECURE_NO_WARNINGS. See online help for details.
  C:\Program Files (x86)\Windows Kits\10\Include\10.0.10240.0\ucrt\stdlib.h(1096): note: 参见“_splitpath”的声明
modelerui.cpp(109): warning C4996: '_splitpath': This function or variable may be unsafe. Consider using _splitpath_s instead. To disable deprecation, use _CRT_SECURE_NO_WARNINGS. See online help for details.
  C:\Program Files (x86)\Windows Kits\10\Include\10.0.10240.0\ucrt\stdlib.h(1096): note: 参见“_splitpath”的声明
modelerui.cpp(246): warning C4244: “参数”: 从“double”转换到“int”，可能丢失数据
modelerui.cpp(398): warning C4244: “初始化”: 从“double”转换到“float”，可能丢失数据
modelerui.cpp(399): warning C4244: “初始化”: 从“double”转换到“float”，可能丢失数据
modelerui.cpp(425): warning C4244: “初始化”: 从“double”转换到“float”，可能丢失数据
modelerui.cpp(437): warning C4244: “初始化”: 从“double”转换到“float”，可能丢失数据
modelerui.cpp(450): warning C4244: “参数”: 从“double”转换到“float”，可能丢失数据
modelerui.cpp(460): warning C4244: “参数”: 从“double”转换到“float”，可能丢失数据
modelerui.cpp(470): warning C4244: “参数”: 从“double”转换到“float”，可能丢失数据
modelerui.cpp(561): warning C4244: “初始化”: 从“double”转换到“float”，可能丢失数据
modelerui.cpp(643): warning C4996: '_snprintf': This function or variable may be unsafe. Consider using _snprintf_s instead. To disable deprecation, use _CRT_SECURE_NO_WARNINGS. See online help for details.
  C:\Program Files (x86)\Windows Kits\10\Include\10.0.10240.0\ucrt\stdio.h(1952): note: 参见“_snprintf”的声明
modelerui.cpp(721): warning C4996: '_snprintf': This function or variable may be unsafe. Consider using _snprintf_s instead. To disable deprecation, use _CRT_SECURE_NO_WARNINGS. See online help for details.
  C:\Program Files (x86)\Windows Kits\10\Include\10.0.10240.0\ucrt\stdio.h(1952): note: 参见“_snprintf”的声明
modelerui.cpp(746): warning C4996: '_snprintf': This function or variable may be unsafe. Consider using _snprintf_s instead. To disable deprecation, use _CRT_SECURE_NO_WARNINGS. See online help for details.
  C:\Program Files (x86)\Windows Kits\10\Include\10.0.10240.0\ucrt\stdio.h(1952): note: 参见“_snprintf”的声明
modelerui.cpp(765): warning C4244: “return”: 从“double”转换到“float”，可能丢失数据
modelerui.cpp(808): warning C4996: '_snprintf': This function or variable may be unsafe. Consider using _snprintf_s instead. To disable deprecation, use _CRT_SECURE_NO_WARNINGS. See online help for details.
  C:\Program Files (x86)\Windows Kits\10\Include\10.0.10240.0\ucrt\stdio.h(1952): note: 参见“_snprintf”的声明
  modeleruiwindows.cxx
  modelerview.cpp
  robot.cpp
  bitmap.cpp
bitmap.cpp(57): warning C4996: 'fopen': This function or variable may be unsafe. Consider using fopen_s instead. To disable deprecation, use _CRT_SECURE_NO_WARNINGS. See online help for details.
  C:\Program Files (x86)\Windows Kits\10\Include\10.0.10240.0\ucrt\stdio.h(205): note: 参见“fopen”的声明
bitmap.cpp(157): warning C4996: 'fopen': This function or variable may be unsafe. Consider using fopen_s instead. To disable deprecation, use _CRT_SECURE_NO_WARNINGS. See online help for details.
  C:\Program Files (x86)\Windows Kits\10\Include\10.0.10240.0\ucrt\stdio.h(205): note: 参见“fopen”的声明
  particle.cpp
  particleSystem.cpp
particleSystem.cpp(22): warning C4244: “参数”: 从“time_t”转换到“unsigned int”，可能丢失数据
  point.cpp
  正在生成代码...
  正在编译...
  pointObj.cpp
  graphwidget.cpp
graphwidget.cpp(134): warning C4018: “<”: 有符号/无符号不匹配
graphwidget.cpp(159): warning C4018: “<”: 有符号/无符号不匹配
graphwidget.cpp(511): warning C4018: “<”: 有符号/无符号不匹配
graphwidget.cpp(520): warning C4018: “<”: 有符号/无符号不匹配
graphwidget.cpp(528): warning C4244: “参数”: 从“const int”转换到“const float”，可能丢失数据
graphwidget.cpp(530): warning C4018: “<”: 有符号/无符号不匹配
graphwidget.cpp(549): warning C4244: “参数”: 从“const int”转换到“const float”，可能丢失数据
graphwidget.cpp(579): warning C4018: “<”: 有符号/无符号不匹配
graphwidget.cpp(611): warning C4244: “参数”: 从“const int”转换到“const float”，可能丢失数据
graphwidget.cpp(630): warning C4244: “参数”: 从“const int”转换到“const float”，可能丢失数据
graphwidget.cpp(635): warning C4018: “<”: 有符号/无符号不匹配
graphwidget.cpp(654): warning C4018: “<”: 有符号/无符号不匹配
graphwidget.cpp(660): warning C4244: “参数”: 从“const int”转换到“const float”，可能丢失数据
graphwidget.cpp(661): warning C4244: “参数”: 从“const int”转换到“const float”，可能丢失数据
graphwidget.cpp(666): warning C4244: “参数”: 从“const int”转换到“const float”，可能丢失数据
graphwidget.cpp(671): warning C4244: “参数”: 从“const int”转换到“const float”，可能丢失数据
graphwidget.cpp(763): warning C4018: “<”: 有符号/无符号不匹配
graphwidget.cpp(807): warning C4018: “<”: 有符号/无符号不匹配
graphwidget.cpp(862): warning C4018: “<”: 有符号/无符号不匹配
graphwidget.cpp(906): warning C4018: “<”: 有符号/无符号不匹配
graphwidget.cpp(1036): warning C4018: “<”: 有符号/无符号不匹配
graphwidget.cpp(1101): warning C4244: “=”: 从“double”转换到“int”，可能丢失数据
graphwidget.cpp(1108): warning C4244: “=”: 从“double”转换到“int”，可能丢失数据
graphwidget.cpp(1112): warning C4244: “=”: 从“int”转换到“float”，可能丢失数据
graphwidget.cpp(1113): warning C4244: “=”: 从“int”转换到“float”，可能丢失数据
graphwidget.cpp(1139): warning C4244: “=”: 从“int”转换到“float”，可能丢失数据
graphwidget.cpp(1140): warning C4244: “=”: 从“int”转换到“float”，可能丢失数据
  indicatorwindow.cpp
indicatorwindow.cpp(40): warning C4018: “<”: 有符号/无符号不匹配
indicatorwindow.cpp(126): warning C4018: “<”: 有符号/无符号不匹配
indicatorwindow.cpp(148): warning C4018: “<”: 有符号/无符号不匹配
  rect.cpp
  rulerwindow.cpp
rulerwindow.cpp(59): warning C4018: “>=”: 有符号/无符号不匹配
rulerwindow.cpp(61): warning C4018: “<”: 有符号/无符号不匹配
rulerwindow.cpp(48): warning C4996: '_snprintf': This function or variable may be unsafe. Consider using _snprintf_s instead. To disable deprecation, use _CRT_SECURE_NO_WARNINGS. See online help for details.
  C:\Program Files (x86)\Windows Kits\10\Include\10.0.10240.0\ucrt\stdio.h(1952): note: 参见“_snprintf”的声明
rulerwindow.cpp(74): warning C4996: 'strncpy': This function or variable may be unsafe. Consider using strncpy_s instead. To disable deprecation, use _CRT_SECURE_NO_WARNINGS. See online help for details.
  C:\Program Files (x86)\Windows Kits\10\Include\10.0.10240.0\ucrt\string.h(346): note: 参见“strncpy”的声明
  Force.cpp
  texture.cpp
texture.cpp(18): warning C4996: 'fopen': This function or variable may be unsafe. Consider using fopen_s instead. To disable deprecation, use _CRT_SECURE_NO_WARNINGS. See online help for details.
  C:\Program Files (x86)\Windows Kits\10\Include\10.0.10240.0\ucrt\stdio.h(205): note: 参见“fopen”的声明
  TGA.cpp
TGA.cpp(206): warning C4996: 'fopen': This function or variable may be unsafe. Consider using fopen_s instead. To disable deprecation, use _CRT_SECURE_NO_WARNINGS. See online help for details.
  C:\Program Files (x86)\Windows Kits\10\Include\10.0.10240.0\ucrt\stdio.h(205): note: 参见“fopen”的声明
TGA.cpp(200): warning C4101: “color16”: 未引用的局部变量
  正在生成代码...
fltk.lib(case.obj) : warning LNK4204: “D:\Dropbox\17 Spring Course\COMP 4411\Projects\project4\AniSkelS17\Release\vc140.pdb”缺少引用模块的调试信息；正在链接对象，如同没有调试信息一样
fltk.lib(filename_absolute.obj) : warning LNK4204: “D:\Dropbox\17 Spring Course\COMP 4411\Projects\project4\AniSkelS17\Release\vc140.pdb”缺少引用模块的调试信息；正在链接对象，如同没有调试信息一样
fltk.lib(filename_expand.obj) : warning LNK4204: “D:\Dropbox\17 Spring Course\COMP 4411\Projects\project4\AniSkelS17\Release\vc140.pdb”缺少引用模块的调试信息；正在链接对象，如同没有调试信息一样
fltk.lib(filename_isdir.obj) : warning LNK4204: “D:\Dropbox\17 Spring Course\COMP 4411\Projects\project4\AniSkelS17\Release\vc140.pdb”缺少引用模块的调试信息；正在链接对象，如同没有调试信息一样
fltk.lib(filename_list.obj) : warning LNK4204: “D:\Dropbox\17 Spring Course\COMP 4411\Projects\project4\AniSkelS17\Release\vc140.pdb”缺少引用模块的调试信息；正在链接对象，如同没有调试信息一样
fltk.lib(filename_match.obj) : warning LNK4204: “D:\Dropbox\17 Spring Course\COMP 4411\Projects\project4\AniSkelS17\Release\vc140.pdb”缺少引用模块的调试信息；正在链接对象，如同没有调试信息一样
fltk.lib(Fl.obj) : warning LNK4204: “D:\Dropbox\17 Spring Course\COMP 4411\Projects\project4\AniSkelS17\Release\vc140.pdb”缺少引用模块的调试信息；正在链接对象，如同没有调试信息一样
fltk.lib(Fl_abort.obj) : warning LNK4204: “D:\Dropbox\17 Spring Course\COMP 4411\Projects\project4\AniSkelS17\Release\vc140.pdb”缺少引用模块的调试信息；正在链接对象，如同没有调试信息一样
fltk.lib(fl_arc.obj) : warning LNK4204: “D:\Dropbox\17 Spring Course\COMP 4411\Projects\project4\AniSkelS17\Release\vc140.pdb”缺少引用模块的调试信息；正在链接对象，如同没有调试信息一样
fltk.lib(fl_arci.obj) : warning LNK4204: “D:\Dropbox\17 Spring Course\COMP 4411\Projects\project4\AniSkelS17\Release\vc140.pdb”缺少引用模块的调试信息；正在链接对象，如同没有调试信息一样
fltk.lib(fl_ask.obj) : warning LNK4204: “D:\Dropbox\17 Spring Course\COMP 4411\Projects\project4\AniSkelS17\Release\vc140.pdb”缺少引用模块的调试信息；正在链接对象，如同没有调试信息一样
fltk.lib(Fl_Bitmap.obj) : warning LNK4204: “D:\Dropbox\17 Spring Course\COMP 4411\Projects\project4\AniSkelS17\Release\vc140.pdb”缺少引用模块的调试信息；正在链接对象，如同没有调试信息一样
fltk.lib(Fl_Box.obj) : warning LNK4204: “D:\Dropbox\17 Spring Course\COMP 4411\Projects\project4\AniSkelS17\Release\vc140.pdb”缺少引用模块的调试信息；正在链接对象，如同没有调试信息一样
fltk.lib(fl_boxtype.obj) : warning LNK4204: “D:\Dropbox\17 Spring Course\COMP 4411\Projects\project4\AniSkelS17\Release\vc140.pdb”缺少引用模块的调试信息；正在链接对象，如同没有调试信息一样
fltk.lib(Fl_Browser.obj) : warning LNK4204: “D:\Dropbox\17 Spring Course\COMP 4411\Projects\project4\AniSkelS17\Release\vc140.pdb”缺少引用模块的调试信息；正在链接对象，如同没有调试信息一样
fltk.lib(Fl_Browser_.obj) : warning LNK4204: “D:\Dropbox\17 Spring Course\COMP 4411\Projects\project4\AniSkelS17\Release\vc140.pdb”缺少引用模块的调试信息；正在链接对象，如同没有调试信息一样
fltk.lib(Fl_Button.obj) : warning LNK4204: “D:\Dropbox\17 Spring Course\COMP 4411\Projects\project4\AniSkelS17\Release\vc140.pdb”缺少引用模块的调试信息；正在链接对象，如同没有调试信息一样
fltk.lib(Fl_Check_Button.obj) : warning LNK4204: “D:\Dropbox\17 Spring Course\COMP 4411\Projects\project4\AniSkelS17\Release\vc140.pdb”缺少引用模块的调试信息；正在链接对象，如同没有调试信息一样
fltk.lib(Fl_Choice.obj) : warning LNK4204: “D:\Dropbox\17 Spring Course\COMP 4411\Projects\project4\AniSkelS17\Release\vc140.pdb”缺少引用模块的调试信息；正在链接对象，如同没有调试信息一样
fltk.lib(fl_color.obj) : warning LNK4204: “D:\Dropbox\17 Spring Course\COMP 4411\Projects\project4\AniSkelS17\Release\vc140.pdb”缺少引用模块的调试信息；正在链接对象，如同没有调试信息一样
fltk.lib(Fl_compose.obj) : warning LNK4204: “D:\Dropbox\17 Spring Course\COMP 4411\Projects\project4\AniSkelS17\Release\vc140.pdb”缺少引用模块的调试信息；正在链接对象，如同没有调试信息一样
fltk.lib(fl_cursor.obj) : warning LNK4204: “D:\Dropbox\17 Spring Course\COMP 4411\Projects\project4\AniSkelS17\Release\vc140.pdb”缺少引用模块的调试信息；正在链接对象，如同没有调试信息一样
fltk.lib(fl_curve.obj) : warning LNK4204: “D:\Dropbox\17 Spring Course\COMP 4411\Projects\project4\AniSkelS17\Release\vc140.pdb”缺少引用模块的调试信息；正在链接对象，如同没有调试信息一样
fltk.lib(Fl_Device.obj) : warning LNK4204: “D:\Dropbox\17 Spring Course\COMP 4411\Projects\project4\AniSkelS17\Release\vc140.pdb”缺少引用模块的调试信息；正在链接对象，如同没有调试信息一样
fltk.lib(fl_dnd.obj) : warning LNK4204: “D:\Dropbox\17 Spring Course\COMP 4411\Projects\project4\AniSkelS17\Release\vc140.pdb”缺少引用模块的调试信息；正在链接对象，如同没有调试信息一样
fltk.lib(Fl_Double_Window.obj) : warning LNK4204: “D:\Dropbox\17 Spring Course\COMP 4411\Projects\project4\AniSkelS17\Release\vc140.pdb”缺少引用模块的调试信息；正在链接对象，如同没有调试信息一样
fltk.lib(fl_draw.obj) : warning LNK4204: “D:\Dropbox\17 Spring Course\COMP 4411\Projects\project4\AniSkelS17\Release\vc140.pdb”缺少引用模块的调试信息；正在链接对象，如同没有调试信息一样
fltk.lib(fl_draw_image.obj) : warning LNK4204: “D:\Dropbox\17 Spring Course\COMP 4411\Projects\project4\AniSkelS17\Release\vc140.pdb”缺少引用模块的调试信息；正在链接对象，如同没有调试信息一样
fltk.lib(fl_draw_pixmap.obj) : warning LNK4204: “D:\Dropbox\17 Spring Course\COMP 4411\Projects\project4\AniSkelS17\Release\vc140.pdb”缺少引用模块的调试信息；正在链接对象，如同没有调试信息一样
fltk.lib(Fl_File_Browser.obj) : warning LNK4204: “D:\Dropbox\17 Spring Course\COMP 4411\Projects\project4\AniSkelS17\Release\vc140.pdb”缺少引用模块的调试信息；正在链接对象，如同没有调试信息一样
fltk.lib(Fl_File_Chooser.obj) : warning LNK4204: “D:\Dropbox\17 Spring Course\COMP 4411\Projects\project4\AniSkelS17\Release\vc140.pdb”缺少引用模块的调试信息；正在链接对象，如同没有调试信息一样
fltk.lib(Fl_File_Chooser2.obj) : warning LNK4204: “D:\Dropbox\17 Spring Course\COMP 4411\Projects\project4\AniSkelS17\Release\vc140.pdb”缺少引用模块的调试信息；正在链接对象，如同没有调试信息一样
fltk.lib(fl_file_dir.obj) : warning LNK4204: “D:\Dropbox\17 Spring Course\COMP 4411\Projects\project4\AniSkelS17\Release\vc140.pdb”缺少引用模块的调试信息；正在链接对象，如同没有调试信息一样
fltk.lib(Fl_File_Icon.obj) : warning LNK4204: “D:\Dropbox\17 Spring Course\COMP 4411\Projects\project4\AniSkelS17\Release\vc140.pdb”缺少引用模块的调试信息；正在链接对象，如同没有调试信息一样
fltk.lib(Fl_File_Input.obj) : warning LNK4204: “D:\Dropbox\17 Spring Course\COMP 4411\Projects\project4\AniSkelS17\Release\vc140.pdb”缺少引用模块的调试信息；正在链接对象，如同没有调试信息一样
fltk.lib(fl_font.obj) : warning LNK4204: “D:\Dropbox\17 Spring Course\COMP 4411\Projects\project4\AniSkelS17\Release\vc140.pdb”缺少引用模块的调试信息；正在链接对象，如同没有调试信息一样
fltk.lib(Fl_get_system_colors.obj) : warning LNK4204: “D:\Dropbox\17 Spring Course\COMP 4411\Projects\project4\AniSkelS17\Release\vc140.pdb”缺少引用模块的调试信息；正在链接对象，如同没有调试信息一样
fltk.lib(Fl_grab.obj) : warning LNK4204: “D:\Dropbox\17 Spring Course\COMP 4411\Projects\project4\AniSkelS17\Release\vc140.pdb”缺少引用模块的调试信息；正在链接对象，如同没有调试信息一样
fltk.lib(Fl_Group.obj) : warning LNK4204: “D:\Dropbox\17 Spring Course\COMP 4411\Projects\project4\AniSkelS17\Release\vc140.pdb”缺少引用模块的调试信息；正在链接对象，如同没有调试信息一样
fltk.lib(fl_gtk.obj) : warning LNK4204: “D:\Dropbox\17 Spring Course\COMP 4411\Projects\project4\AniSkelS17\Release\vc140.pdb”缺少引用模块的调试信息；正在链接对象，如同没有调试信息一样
fltk.lib(fl_gleam.obj) : warning LNK4204: “D:\Dropbox\17 Spring Course\COMP 4411\Projects\project4\AniSkelS17\Release\vc140.pdb”缺少引用模块的调试信息；正在链接对象，如同没有调试信息一样
fltk.lib(Fl_Image.obj) : warning LNK4204: “D:\Dropbox\17 Spring Course\COMP 4411\Projects\project4\AniSkelS17\Release\vc140.pdb”缺少引用模块的调试信息；正在链接对象，如同没有调试信息一样
fltk.lib(Fl_Input.obj) : warning LNK4204: “D:\Dropbox\17 Spring Course\COMP 4411\Projects\project4\AniSkelS17\Release\vc140.pdb”缺少引用模块的调试信息；正在链接对象，如同没有调试信息一样
fltk.lib(Fl_Input_.obj) : warning LNK4204: “D:\Dropbox\17 Spring Course\COMP 4411\Projects\project4\AniSkelS17\Release\vc140.pdb”缺少引用模块的调试信息；正在链接对象，如同没有调试信息一样
fltk.lib(fl_labeltype.obj) : warning LNK4204: “D:\Dropbox\17 Spring Course\COMP 4411\Projects\project4\AniSkelS17\Release\vc140.pdb”缺少引用模块的调试信息；正在链接对象，如同没有调试信息一样
fltk.lib(Fl_Light_Button.obj) : warning LNK4204: “D:\Dropbox\17 Spring Course\COMP 4411\Projects\project4\AniSkelS17\Release\vc140.pdb”缺少引用模块的调试信息；正在链接对象，如同没有调试信息一样
fltk.lib(fl_line_style.obj) : warning LNK4204: “D:\Dropbox\17 Spring Course\COMP 4411\Projects\project4\AniSkelS17\Release\vc140.pdb”缺少引用模块的调试信息；正在链接对象，如同没有调试信息一样
fltk.lib(Fl_lock.obj) : warning LNK4204: “D:\Dropbox\17 Spring Course\COMP 4411\Projects\project4\AniSkelS17\Release\vc140.pdb”缺少引用模块的调试信息；正在链接对象，如同没有调试信息一样
fltk.lib(Fl_Menu.obj) : warning LNK4204: “D:\Dropbox\17 Spring Course\COMP 4411\Projects\project4\AniSkelS17\Release\vc140.pdb”缺少引用模块的调试信息；正在链接对象，如同没有调试信息一样
fltk.lib(Fl_Menu_.obj) : warning LNK4204: “D:\Dropbox\17 Spring Course\COMP 4411\Projects\project4\AniSkelS17\Release\vc140.pdb”缺少引用模块的调试信息；正在链接对象，如同没有调试信息一样
fltk.lib(Fl_Menu_add.obj) : warning LNK4204: “D:\Dropbox\17 Spring Course\COMP 4411\Projects\project4\AniSkelS17\Release\vc140.pdb”缺少引用模块的调试信息；正在链接对象，如同没有调试信息一样
fltk.lib(Fl_Menu_Bar.obj) : warning LNK4204: “D:\Dropbox\17 Spring Course\COMP 4411\Projects\project4\AniSkelS17\Release\vc140.pdb”缺少引用模块的调试信息；正在链接对象，如同没有调试信息一样
fltk.lib(Fl_Menu_Button.obj) : warning LNK4204: “D:\Dropbox\17 Spring Course\COMP 4411\Projects\project4\AniSkelS17\Release\vc140.pdb”缺少引用模块的调试信息；正在链接对象，如同没有调试信息一样
fltk.lib(Fl_Menu_Window.obj) : warning LNK4204: “D:\Dropbox\17 Spring Course\COMP 4411\Projects\project4\AniSkelS17\Release\vc140.pdb”缺少引用模块的调试信息；正在链接对象，如同没有调试信息一样
fltk.lib(Fl_Overlay_Window.obj) : warning LNK4204: “D:\Dropbox\17 Spring Course\COMP 4411\Projects\project4\AniSkelS17\Release\vc140.pdb”缺少引用模块的调试信息；正在链接对象，如同没有调试信息一样
fltk.lib(Fl_Pack.obj) : warning LNK4204: “D:\Dropbox\17 Spring Course\COMP 4411\Projects\project4\AniSkelS17\Release\vc140.pdb”缺少引用模块的调试信息；正在链接对象，如同没有调试信息一样
fltk.lib(Fl_Pixmap.obj) : warning LNK4204: “D:\Dropbox\17 Spring Course\COMP 4411\Projects\project4\AniSkelS17\Release\vc140.pdb”缺少引用模块的调试信息；正在链接对象，如同没有调试信息一样
fltk.lib(fl_plastic.obj) : warning LNK4204: “D:\Dropbox\17 Spring Course\COMP 4411\Projects\project4\AniSkelS17\Release\vc140.pdb”缺少引用模块的调试信息；正在链接对象，如同没有调试信息一样
fltk.lib(Fl_Preferences.obj) : warning LNK4204: “D:\Dropbox\17 Spring Course\COMP 4411\Projects\project4\AniSkelS17\Release\vc140.pdb”缺少引用模块的调试信息；正在链接对象，如同没有调试信息一样
fltk.lib(fl_read_image.obj) : warning LNK4204: “D:\Dropbox\17 Spring Course\COMP 4411\Projects\project4\AniSkelS17\Release\vc140.pdb”缺少引用模块的调试信息；正在链接对象，如同没有调试信息一样
fltk.lib(fl_rect.obj) : warning LNK4204: “D:\Dropbox\17 Spring Course\COMP 4411\Projects\project4\AniSkelS17\Release\vc140.pdb”缺少引用模块的调试信息；正在链接对象，如同没有调试信息一样
fltk.lib(Fl_Repeat_Button.obj) : warning LNK4204: “D:\Dropbox\17 Spring Course\COMP 4411\Projects\project4\AniSkelS17\Release\vc140.pdb”缺少引用模块的调试信息；正在链接对象，如同没有调试信息一样
fltk.lib(Fl_Return_Button.obj) : warning LNK4204: “D:\Dropbox\17 Spring Course\COMP 4411\Projects\project4\AniSkelS17\Release\vc140.pdb”缺少引用模块的调试信息；正在链接对象，如同没有调试信息一样
fltk.lib(fl_round_box.obj) : warning LNK4204: “D:\Dropbox\17 Spring Course\COMP 4411\Projects\project4\AniSkelS17\Release\vc140.pdb”缺少引用模块的调试信息；正在链接对象，如同没有调试信息一样
fltk.lib(Fl_Scroll.obj) : warning LNK4204: “D:\Dropbox\17 Spring Course\COMP 4411\Projects\project4\AniSkelS17\Release\vc140.pdb”缺少引用模块的调试信息；正在链接对象，如同没有调试信息一样
fltk.lib(fl_scroll_area.obj) : warning LNK4204: “D:\Dropbox\17 Spring Course\COMP 4411\Projects\project4\AniSkelS17\Release\vc140.pdb”缺少引用模块的调试信息；正在链接对象，如同没有调试信息一样
fltk.lib(Fl_Scrollbar.obj) : warning LNK4204: “D:\Dropbox\17 Spring Course\COMP 4411\Projects\project4\AniSkelS17\Release\vc140.pdb”缺少引用模块的调试信息；正在链接对象，如同没有调试信息一样
fltk.lib(Fl_Shared_Image.obj) : warning LNK4204: “D:\Dropbox\17 Spring Course\COMP 4411\Projects\project4\AniSkelS17\Release\vc140.pdb”缺少引用模块的调试信息；正在链接对象，如同没有调试信息一样
fltk.lib(fl_shortcut.obj) : warning LNK4204: “D:\Dropbox\17 Spring Course\COMP 4411\Projects\project4\AniSkelS17\Release\vc140.pdb”缺少引用模块的调试信息；正在链接对象，如同没有调试信息一样
fltk.lib(Fl_Single_Window.obj) : warning LNK4204: “D:\Dropbox\17 Spring Course\COMP 4411\Projects\project4\AniSkelS17\Release\vc140.pdb”缺少引用模块的调试信息；正在链接对象，如同没有调试信息一样
fltk.lib(Fl_Slider.obj) : warning LNK4204: “D:\Dropbox\17 Spring Course\COMP 4411\Projects\project4\AniSkelS17\Release\vc140.pdb”缺少引用模块的调试信息；正在链接对象，如同没有调试信息一样
fltk.lib(fl_symbols.obj) : warning LNK4204: “D:\Dropbox\17 Spring Course\COMP 4411\Projects\project4\AniSkelS17\Release\vc140.pdb”缺少引用模块的调试信息；正在链接对象，如同没有调试信息一样
fltk.lib(Fl_Tabs.obj) : warning LNK4204: “D:\Dropbox\17 Spring Course\COMP 4411\Projects\project4\AniSkelS17\Release\vc140.pdb”缺少引用模块的调试信息；正在链接对象，如同没有调试信息一样
fltk.lib(Fl_Tile.obj) : warning LNK4204: “D:\Dropbox\17 Spring Course\COMP 4411\Projects\project4\AniSkelS17\Release\vc140.pdb”缺少引用模块的调试信息；正在链接对象，如同没有调试信息一样
fltk.lib(Fl_Tiled_Image.obj) : warning LNK4204: “D:\Dropbox\17 Spring Course\COMP 4411\Projects\project4\AniSkelS17\Release\vc140.pdb”缺少引用模块的调试信息；正在链接对象，如同没有调试信息一样
fltk.lib(Fl_Tooltip.obj) : warning LNK4204: “D:\Dropbox\17 Spring Course\COMP 4411\Projects\project4\AniSkelS17\Release\vc140.pdb”缺少引用模块的调试信息；正在链接对象，如同没有调试信息一样
fltk.lib(fl_utf.obj) : warning LNK4204: “D:\Dropbox\17 Spring Course\COMP 4411\Projects\project4\AniSkelS17\Release\vc140.pdb”缺少引用模块的调试信息；正在链接对象，如同没有调试信息一样
fltk.lib(fl_utf8.obj) : warning LNK4204: “D:\Dropbox\17 Spring Course\COMP 4411\Projects\project4\AniSkelS17\Release\vc140.pdb”缺少引用模块的调试信息；正在链接对象，如同没有调试信息一样
fltk.lib(Fl_Valuator.obj) : warning LNK4204: “D:\Dropbox\17 Spring Course\COMP 4411\Projects\project4\AniSkelS17\Release\vc140.pdb”缺少引用模块的调试信息；正在链接对象，如同没有调试信息一样
fltk.lib(Fl_Value_Slider.obj) : warning LNK4204: “D:\Dropbox\17 Spring Course\COMP 4411\Projects\project4\AniSkelS17\Release\vc140.pdb”缺少引用模块的调试信息；正在链接对象，如同没有调试信息一样
fltk.lib(fl_vertex.obj) : warning LNK4204: “D:\Dropbox\17 Spring Course\COMP 4411\Projects\project4\AniSkelS17\Release\vc140.pdb”缺少引用模块的调试信息；正在链接对象，如同没有调试信息一样
fltk.lib(Fl_visual.obj) : warning LNK4204: “D:\Dropbox\17 Spring Course\COMP 4411\Projects\project4\AniSkelS17\Release\vc140.pdb”缺少引用模块的调试信息；正在链接对象，如同没有调试信息一样
fltk.lib(Fl_Widget.obj) : warning LNK4204: “D:\Dropbox\17 Spring Course\COMP 4411\Projects\project4\AniSkelS17\Release\vc140.pdb”缺少引用模块的调试信息；正在链接对象，如同没有调试信息一样
fltk.lib(Fl_Window.obj) : warning LNK4204: “D:\Dropbox\17 Spring Course\COMP 4411\Projects\project4\AniSkelS17\Release\vc140.pdb”缺少引用模块的调试信息；正在链接对象，如同没有调试信息一样
fltk.lib(Fl_Window_fullscreen.obj) : warning LNK4204: “D:\Dropbox\17 Spring Course\COMP 4411\Projects\project4\AniSkelS17\Release\vc140.pdb”缺少引用模块的调试信息；正在链接对象，如同没有调试信息一样
fltk.lib(Fl_Window_hotspot.obj) : warning LNK4204: “D:\Dropbox\17 Spring Course\COMP 4411\Projects\project4\AniSkelS17\Release\vc140.pdb”缺少引用模块的调试信息；正在链接对象，如同没有调试信息一样
fltk.lib(Fl_Window_shape.obj) : warning LNK4204: “D:\Dropbox\17 Spring Course\COMP 4411\Projects\project4\AniSkelS17\Release\vc140.pdb”缺少引用模块的调试信息；正在链接对象，如同没有调试信息一样
fltk.lib(Fl_XBM_Image.obj) : warning LNK4204: “D:\Dropbox\17 Spring Course\COMP 4411\Projects\project4\AniSkelS17\Release\vc140.pdb”缺少引用模块的调试信息；正在链接对象，如同没有调试信息一样
fltk.lib(Fl_XPM_Image.obj) : warning LNK4204: “D:\Dropbox\17 Spring Course\COMP 4411\Projects\project4\AniSkelS17\Release\vc140.pdb”缺少引用模块的调试信息；正在链接对象，如同没有调试信息一样
fltk.lib(flstring.obj) : warning LNK4204: “D:\Dropbox\17 Spring Course\COMP 4411\Projects\project4\AniSkelS17\Release\vc140.pdb”缺少引用模块的调试信息；正在链接对象，如同没有调试信息一样
fltk.lib(is_spacing.obj) : warning LNK4204: “D:\Dropbox\17 Spring Course\COMP 4411\Projects\project4\AniSkelS17\Release\vc140.pdb”缺少引用模块的调试信息；正在链接对象，如同没有调试信息一样
fltk.lib(numericsort.obj) : warning LNK4204: “D:\Dropbox\17 Spring Course\COMP 4411\Projects\project4\AniSkelS17\Release\vc140.pdb”缺少引用模块的调试信息；正在链接对象，如同没有调试信息一样
fltk.lib(scandir.obj) : warning LNK4204: “D:\Dropbox\17 Spring Course\COMP 4411\Projects\project4\AniSkelS17\Release\vc140.pdb”缺少引用模块的调试信息；正在链接对象，如同没有调试信息一样
fltk.lib(screen_xywh.obj) : warning LNK4204: “D:\Dropbox\17 Spring Course\COMP 4411\Projects\project4\AniSkelS17\Release\vc140.pdb”缺少引用模块的调试信息；正在链接对象，如同没有调试信息一样
fltk.lib(vsnprintf.obj) : warning LNK4204: “D:\Dropbox\17 Spring Course\COMP 4411\Projects\project4\AniSkelS17\Release\vc140.pdb”缺少引用模块的调试信息；正在链接对象，如同没有调试信息一样
fltkgl.lib(Fl_Gl_Choice.obj) : warning LNK4204: “D:\Dropbox\17 Spring Course\COMP 4411\Projects\project4\AniSkelS17\Release\vc140.pdb”缺少引用模块的调试信息；正在链接对象，如同没有调试信息一样
fltkgl.lib(Fl_Gl_Device_Plugin.obj) : warning LNK4204: “D:\Dropbox\17 Spring Course\COMP 4411\Projects\project4\AniSkelS17\Release\vc140.pdb”缺少引用模块的调试信息；正在链接对象，如同没有调试信息一样
fltkgl.lib(Fl_Gl_Window.obj) : warning LNK4204: “D:\Dropbox\17 Spring Course\COMP 4411\Projects\project4\AniSkelS17\Release\vc140.pdb”缺少引用模块的调试信息；正在链接对象，如同没有调试信息一样
fltkgl.lib(gl_draw.obj) : warning LNK4204: “D:\Dropbox\17 Spring Course\COMP 4411\Projects\project4\AniSkelS17\Release\vc140.pdb”缺少引用模块的调试信息；正在链接对象，如同没有调试信息一样
  Animator.vcxproj -> D:\Dropbox\17 Spring Course\COMP 4411\Projects\project4\AniSkelS17\.\Release\modeler.exe
  Animator.vcxproj -> .\Release/Animator.pdb (Full PDB)
