d:\dropbox\17 spring course\comp 4411\projects\project4\aniskels17\release\vc140.pdb
d:\dropbox\17 spring course\comp 4411\projects\project4\aniskels17\release\point.obj
d:\dropbox\17 spring course\comp 4411\projects\project4\aniskels17\release\particlesystem.obj
d:\dropbox\17 spring course\comp 4411\projects\project4\aniskels17\release\particle.obj
d:\dropbox\17 spring course\comp 4411\projects\project4\aniskels17\release\bitmap.obj
d:\dropbox\17 spring course\comp 4411\projects\project4\aniskels17\release\robot.obj
d:\dropbox\17 spring course\comp 4411\projects\project4\aniskels17\release\modelerview.obj
d:\dropbox\17 spring course\comp 4411\projects\project4\aniskels17\release\modeleruiwindows.obj
d:\dropbox\17 spring course\comp 4411\projects\project4\aniskels17\release\modelerui.obj
d:\dropbox\17 spring course\comp 4411\projects\project4\aniskels17\release\modelerdraw.obj
d:\dropbox\17 spring course\comp 4411\projects\project4\aniskels17\release\modelerapp.obj
d:\dropbox\17 spring course\comp 4411\projects\project4\aniskels17\release\metaball.obj
d:\dropbox\17 spring course\comp 4411\projects\project4\aniskels17\release\camera.obj
d:\dropbox\17 spring course\comp 4411\projects\project4\aniskels17\release\linearcurveevaluator.obj
d:\dropbox\17 spring course\comp 4411\projects\project4\aniskels17\release\curveevaluator.obj
d:\dropbox\17 spring course\comp 4411\projects\project4\aniskels17\release\curve.obj
d:\dropbox\17 spring course\comp 4411\projects\project4\aniskels17\release\cube_grid.obj
d:\dropbox\17 spring course\comp 4411\projects\project4\aniskels17\release\catmullromcurveevaluator.obj
d:\dropbox\17 spring course\comp 4411\projects\project4\aniskels17\release\bsplinecurveevaluator.obj
d:\dropbox\17 spring course\comp 4411\projects\project4\aniskels17\release\beziercurveevaluator.obj
d:\dropbox\17 spring course\comp 4411\projects\project4\aniskels17\release\tga.obj
d:\dropbox\17 spring course\comp 4411\projects\project4\aniskels17\release\texture.obj
d:\dropbox\17 spring course\comp 4411\projects\project4\aniskels17\release\force.obj
d:\dropbox\17 spring course\comp 4411\projects\project4\aniskels17\release\rulerwindow.obj
d:\dropbox\17 spring course\comp 4411\projects\project4\aniskels17\release\rect.obj
d:\dropbox\17 spring course\comp 4411\projects\project4\aniskels17\release\indicatorwindow.obj
d:\dropbox\17 spring course\comp 4411\projects\project4\aniskels17\release\graphwidget.obj
d:\dropbox\17 spring course\comp 4411\projects\project4\aniskels17\release\pointobj.obj
d:\dropbox\17 spring course\comp 4411\projects\project4\aniskels17\release\modeler.tlog\cl.command.1.tlog
d:\dropbox\17 spring course\comp 4411\projects\project4\aniskels17\release\modeler.tlog\cl.read.1.tlog
d:\dropbox\17 spring course\comp 4411\projects\project4\aniskels17\release\modeler.tlog\cl.write.1.tlog
